<?xml version="1.0" encoding="UTF-8"?>
<!-- Generated by org.testng.reporters.JUnitReportReporter -->
<testsuite skipped="0" hostname="mingle-t460" name="qaclickacademy.AppiumTest" tests="2" failures="0" timestamp="2020-02-07T16:04:12 IST" time="0.008" errors="0">
  <testcase name="mobileTestLogin" time="0.000" classname="qaclickacademy.AppiumTest"/>
  <system-out/>
  <testcase name="mobileTestFunctions" time="0.008" classname="qaclickacademy.AppiumTest"/>
  <system-out/>
</testsuite> <!-- qaclickacademy.AppiumTest -->
