<?xml version="1.0" encoding="UTF-8"?>
<!-- Generated by org.testng.reporters.JUnitReportReporter -->
<testsuite skipped="0" hostname="mingle-t460" name="qaclickacademy.SeleniumTest" tests="2" failures="0" timestamp="2020-02-07T16:04:12 IST" time="0.000" errors="0">
  <testcase name="seleniumTestLogin" time="0.000" classname="qaclickacademy.SeleniumTest"/>
  <system-out/>
  <testcase name="seleniumTestFunction" time="0.000" classname="qaclickacademy.SeleniumTest"/>
  <system-out/>
</testsuite> <!-- qaclickacademy.SeleniumTest -->
